Determining if the pthread_create exist failed with the following output:
Change Dir: /home/mzh/hector_quadrotor_tutorial/build/CMakeFiles/CMakeTmp

Run Build Command:"/usr/bin/make" "cmTC_170b8/fast"
/usr/bin/make -f CMakeFiles/cmTC_170b8.dir/build.make CMakeFiles/cmTC_170b8.dir/build
make[1]: Entering directory '/home/mzh/hector_quadrotor_tutorial/build/CMakeFiles/CMakeTmp'
Building C object CMakeFiles/cmTC_170b8.dir/CheckSymbolExists.c.o
/usr/bin/cc     -o CMakeFiles/cmTC_170b8.dir/CheckSymbolExists.c.o   -c /home/mzh/hector_quadrotor_tutorial/build/CMakeFiles/CMakeTmp/CheckSymbolExists.c
Linking C executable cmTC_170b8
/usr/bin/cmake -E cmake_link_script CMakeFiles/cmTC_170b8.dir/link.txt --verbose=1
/usr/bin/cc       CMakeFiles/cmTC_170b8.dir/CheckSymbolExists.c.o  -o cmTC_170b8 -rdynamic 
CMakeFiles/cmTC_170b8.dir/CheckSymbolExists.c.o: In function `main':
CheckSymbolExists.c:(.text+0x16): undefined reference to `pthread_create'
collect2: error: ld returned 1 exit status
CMakeFiles/cmTC_170b8.dir/build.make:97: recipe for target 'cmTC_170b8' failed
make[1]: *** [cmTC_170b8] Error 1
make[1]: Leaving directory '/home/mzh/hector_quadrotor_tutorial/build/CMakeFiles/CMakeTmp'
Makefile:126: recipe for target 'cmTC_170b8/fast' failed
make: *** [cmTC_170b8/fast] Error 2

File /home/mzh/hector_quadrotor_tutorial/build/CMakeFiles/CMakeTmp/CheckSymbolExists.c:
/* */
#include <pthread.h>

int main(int argc, char** argv)
{
  (void)argv;
#ifndef pthread_create
  return ((int*)(&pthread_create))[argc];
#else
  (void)argc;
  return 0;
#endif
}

Determining if the function pthread_create exists in the pthreads failed with the following output:
Change Dir: /home/mzh/hector_quadrotor_tutorial/build/CMakeFiles/CMakeTmp

Run Build Command:"/usr/bin/make" "cmTC_74ba8/fast"
/usr/bin/make -f CMakeFiles/cmTC_74ba8.dir/build.make CMakeFiles/cmTC_74ba8.dir/build
make[1]: Entering directory '/home/mzh/hector_quadrotor_tutorial/build/CMakeFiles/CMakeTmp'
Building C object CMakeFiles/cmTC_74ba8.dir/CheckFunctionExists.c.o
/usr/bin/cc    -DCHECK_FUNCTION_EXISTS=pthread_create   -o CMakeFiles/cmTC_74ba8.dir/CheckFunctionExists.c.o   -c /usr/share/cmake-3.5/Modules/CheckFunctionExists.c
Linking C executable cmTC_74ba8
/usr/bin/cmake -E cmake_link_script CMakeFiles/cmTC_74ba8.dir/link.txt --verbose=1
/usr/bin/cc   -DCHECK_FUNCTION_EXISTS=pthread_create    CMakeFiles/cmTC_74ba8.dir/CheckFunctionExists.c.o  -o cmTC_74ba8 -rdynamic -lpthreads 
/usr/bin/ld: cannot find -lpthreads
collect2: error: ld returned 1 exit status
CMakeFiles/cmTC_74ba8.dir/build.make:97: recipe for target 'cmTC_74ba8' failed
make[1]: *** [cmTC_74ba8] Error 1
make[1]: Leaving directory '/home/mzh/hector_quadrotor_tutorial/build/CMakeFiles/CMakeTmp'
Makefile:126: recipe for target 'cmTC_74ba8/fast' failed
make: *** [cmTC_74ba8/fast] Error 2


Determining if the Q_WS_WIN exist failed with the following output:
Change Dir: /home/mzh/hector_quadrotor_tutorial/build/CMakeFiles/CMakeTmp

Run Build Command:"/usr/bin/make" "cmTC_35299/fast"
/usr/bin/make -f CMakeFiles/cmTC_35299.dir/build.make CMakeFiles/cmTC_35299.dir/build
make[1]: Entering directory '/home/mzh/hector_quadrotor_tutorial/build/CMakeFiles/CMakeTmp'
Building CXX object CMakeFiles/cmTC_35299.dir/CheckSymbolExists.cxx.o
/usr/bin/c++    -I/usr/include/qt4   -o CMakeFiles/cmTC_35299.dir/CheckSymbolExists.cxx.o -c /home/mzh/hector_quadrotor_tutorial/build/CMakeFiles/CMakeTmp/CheckSymbolExists.cxx
/home/mzh/hector_quadrotor_tutorial/build/CMakeFiles/CMakeTmp/CheckSymbolExists.cxx: In function ‘int main(int, char**)’:
/home/mzh/hector_quadrotor_tutorial/build/CMakeFiles/CMakeTmp/CheckSymbolExists.cxx:8:19: error: ‘Q_WS_WIN’ was not declared in this scope
   return ((int*)(&Q_WS_WIN))[argc];
                   ^
CMakeFiles/cmTC_35299.dir/build.make:65: recipe for target 'CMakeFiles/cmTC_35299.dir/CheckSymbolExists.cxx.o' failed
make[1]: *** [CMakeFiles/cmTC_35299.dir/CheckSymbolExists.cxx.o] Error 1
make[1]: Leaving directory '/home/mzh/hector_quadrotor_tutorial/build/CMakeFiles/CMakeTmp'
Makefile:126: recipe for target 'cmTC_35299/fast' failed
make: *** [cmTC_35299/fast] Error 2

File /home/mzh/hector_quadrotor_tutorial/build/CMakeFiles/CMakeTmp/CheckSymbolExists.cxx:
/* */
#include <QtCore/qglobal.h>

int main(int argc, char** argv)
{
  (void)argv;
#ifndef Q_WS_WIN
  return ((int*)(&Q_WS_WIN))[argc];
#else
  (void)argc;
  return 0;
#endif
}

Determining if the Q_WS_QWS exist failed with the following output:
Change Dir: /home/mzh/hector_quadrotor_tutorial/build/CMakeFiles/CMakeTmp

Run Build Command:"/usr/bin/make" "cmTC_6767b/fast"
/usr/bin/make -f CMakeFiles/cmTC_6767b.dir/build.make CMakeFiles/cmTC_6767b.dir/build
make[1]: Entering directory '/home/mzh/hector_quadrotor_tutorial/build/CMakeFiles/CMakeTmp'
Building CXX object CMakeFiles/cmTC_6767b.dir/CheckSymbolExists.cxx.o
/usr/bin/c++    -I/usr/include/qt4   -o CMakeFiles/cmTC_6767b.dir/CheckSymbolExists.cxx.o -c /home/mzh/hector_quadrotor_tutorial/build/CMakeFiles/CMakeTmp/CheckSymbolExists.cxx
/home/mzh/hector_quadrotor_tutorial/build/CMakeFiles/CMakeTmp/CheckSymbolExists.cxx: In function ‘int main(int, char**)’:
/home/mzh/hector_quadrotor_tutorial/build/CMakeFiles/CMakeTmp/CheckSymbolExists.cxx:8:19: error: ‘Q_WS_QWS’ was not declared in this scope
   return ((int*)(&Q_WS_QWS))[argc];
                   ^
CMakeFiles/cmTC_6767b.dir/build.make:65: recipe for target 'CMakeFiles/cmTC_6767b.dir/CheckSymbolExists.cxx.o' failed
make[1]: *** [CMakeFiles/cmTC_6767b.dir/CheckSymbolExists.cxx.o] Error 1
make[1]: Leaving directory '/home/mzh/hector_quadrotor_tutorial/build/CMakeFiles/CMakeTmp'
Makefile:126: recipe for target 'cmTC_6767b/fast' failed
make: *** [cmTC_6767b/fast] Error 2

File /home/mzh/hector_quadrotor_tutorial/build/CMakeFiles/CMakeTmp/CheckSymbolExists.cxx:
/* */
#include <QtCore/qglobal.h>

int main(int argc, char** argv)
{
  (void)argv;
#ifndef Q_WS_QWS
  return ((int*)(&Q_WS_QWS))[argc];
#else
  (void)argc;
  return 0;
#endif
}

Determining if the Q_WS_MAC exist failed with the following output:
Change Dir: /home/mzh/hector_quadrotor_tutorial/build/CMakeFiles/CMakeTmp

Run Build Command:"/usr/bin/make" "cmTC_0262c/fast"
/usr/bin/make -f CMakeFiles/cmTC_0262c.dir/build.make CMakeFiles/cmTC_0262c.dir/build
make[1]: Entering directory '/home/mzh/hector_quadrotor_tutorial/build/CMakeFiles/CMakeTmp'
Building CXX object CMakeFiles/cmTC_0262c.dir/CheckSymbolExists.cxx.o
/usr/bin/c++    -I/usr/include/qt4   -o CMakeFiles/cmTC_0262c.dir/CheckSymbolExists.cxx.o -c /home/mzh/hector_quadrotor_tutorial/build/CMakeFiles/CMakeTmp/CheckSymbolExists.cxx
/home/mzh/hector_quadrotor_tutorial/build/CMakeFiles/CMakeTmp/CheckSymbolExists.cxx: In function ‘int main(int, char**)’:
/home/mzh/hector_quadrotor_tutorial/build/CMakeFiles/CMakeTmp/CheckSymbolExists.cxx:8:19: error: ‘Q_WS_MAC’ was not declared in this scope
   return ((int*)(&Q_WS_MAC))[argc];
                   ^
CMakeFiles/cmTC_0262c.dir/build.make:65: recipe for target 'CMakeFiles/cmTC_0262c.dir/CheckSymbolExists.cxx.o' failed
make[1]: *** [CMakeFiles/cmTC_0262c.dir/CheckSymbolExists.cxx.o] Error 1
make[1]: Leaving directory '/home/mzh/hector_quadrotor_tutorial/build/CMakeFiles/CMakeTmp'
Makefile:126: recipe for target 'cmTC_0262c/fast' failed
make: *** [cmTC_0262c/fast] Error 2

File /home/mzh/hector_quadrotor_tutorial/build/CMakeFiles/CMakeTmp/CheckSymbolExists.cxx:
/* */
#include <QtCore/qglobal.h>

int main(int argc, char** argv)
{
  (void)argv;
#ifndef Q_WS_MAC
  return ((int*)(&Q_WS_MAC))[argc];
#else
  (void)argc;
  return 0;
#endif
}

